android/build/intermediates/manifest_merge_blame_file/debug/manifest-merger-blame-debug-report.txt
1<?xml version="1.0" encoding="utf-8"?>
2<manifest xmlns:android="http://schemas.android.com/apk/res/android"
3    package="com.ggteam.mathrpg"
4    android:versionCode="1"
5    android:versionName="1.0" >
6
7    <uses-sdk
8        android:minSdkVersion="14"
8-->Project\android\AndroidManifest.xml
9        android:targetSdkVersion="30" />
9-->Project\android\AndroidManifest.xml
10
11    <application
11-->Project\android\AndroidManifest.xml:5:5-23:19
12        android:allowBackup="true"
12-->Project\android\AndroidManifest.xml:6:9-35
13        android:appCategory="game"
13-->Project\android\AndroidManifest.xml:9:9-35
14        android:debuggable="true"
15        android:icon="@drawable/ic_launcher"
15-->Project\android\AndroidManifest.xml:7:9-45
16        android:isGame="true"
16-->Project\android\AndroidManifest.xml:8:9-30
17        android:label="@string/app_name"
17-->Project\android\AndroidManifest.xml:10:9-41
18        android:testOnly="true"
19        android:theme="@style/GdxTheme" >
19-->Project\android\AndroidManifest.xml:11:9-40
20        <activity
20-->Project\android\AndroidManifest.xml:12:9-22:20
21            android:name="com.ggteam.mathrpg.AndroidLauncher"
21-->Project\android\AndroidManifest.xml:13:13-62
22            android:configChanges="keyboard|keyboardHidden|navigation|orientation|screenSize|screenLayout"
22-->Project\android\AndroidManifest.xml:15:13-107
23            android:label="@string/app_name"
23-->Project\android\AndroidManifest.xml:14:13-45
24            android:screenOrientation="portrait" >
24-->Project\android\AndroidManifest.xml:16:13-49
25            <intent-filter>
25-->Project\android\AndroidManifest.xml:18:13-21:29
26                <action android:name="android.intent.action.MAIN" />
26-->Project\android\AndroidManifest.xml:19:17-69
26-->Project\android\AndroidManifest.xml:19:25-66
27
28                <category android:name="android.intent.category.LAUNCHER" />
28-->Project\android\AndroidManifest.xml:20:17-77
28-->Project\android\AndroidManifest.xml:20:27-74
29            </intent-filter>
30        </activity>
31    </application>
32
33</manifest>